============================= test session starts ==============================
platform linux -- Python 3.12.12, pytest-9.0.2, pluggy-1.6.0 -- /home/SENSETIME/wuziming/miniconda3/envs/dataflow/bin/python3.12
cachedir: .pytest_cache
rootdir: /home/SENSETIME/wuziming/.openclaw/workspace/dataflow
configfile: pytest.ini
plugins: anyio-4.13.0
collecting ... collected 110 items / 2 errors

==================================== ERRORS ====================================
______________ ERROR collecting test/test_cli_nanobot_serving.py _______________
ImportError while importing test module '/home/SENSETIME/wuziming/.openclaw/workspace/dataflow/test/test_cli_nanobot_serving.py'.
Hint: make sure your test modules/packages have valid Python names.
Traceback:
../../../miniconda3/envs/dataflow/lib/python3.12/importlib/__init__.py:90: in import_module
    return _bootstrap._gcd_import(name[level:], package, level)
           ^^^^^^^^^^^^^^^^^^^^^^^^^^^^^^^^^^^^^^^^^^^^^^^^^^^^
test/test_cli_nanobot_serving.py:12: in <module>
    from dataflow.serving import CLINanobotServing
E   ImportError: cannot import name 'CLINanobotServing' from 'dataflow.serving' (/home/SENSETIME/wuziming/miniconda3/envs/dataflow/lib/python3.12/site-packages/dataflow/serving/__init__.py)
__________________ ERROR collecting test/test_general_text.py __________________
ImportError while importing test module '/home/SENSETIME/wuziming/.openclaw/workspace/dataflow/test/test_general_text.py'.
Hint: make sure your test modules/packages have valid Python names.
Traceback:
../../../miniconda3/envs/dataflow/lib/python3.12/importlib/__init__.py:90: in import_module
    return _bootstrap._gcd_import(name[level:], package, level)
           ^^^^^^^^^^^^^^^^^^^^^^^^^^^^^^^^^^^^^^^^^^^^^^^^^^^^
test/test_general_text.py:1: in <module>
    from dataflow.operators.text_pt import PerplexityFilter
../../../miniconda3/envs/dataflow/lib/python3.12/site-packages/dataflow/utils/registry.py:359: in __getattr__
    cls = self._load_class_from_file(file_path, class_name)
          ^^^^^^^^^^^^^^^^^^^^^^^^^^^^^^^^^^^^^^^^^^^^^^^^^
../../../miniconda3/envs/dataflow/lib/python3.12/site-packages/dataflow/utils/registry.py:325: in _load_class_from_file
    spec.loader.exec_module(module)
../../../miniconda3/envs/dataflow/lib/python3.12/site-packages/dataflow/operators/text_pt/filter/perplexity_filter.py:6: in <module>
    from dataflow.operators.text_pt import PerplexitySampleEvaluator
../../../miniconda3/envs/dataflow/lib/python3.12/site-packages/dataflow/utils/registry.py:359: in __getattr__
    cls = self._load_class_from_file(file_path, class_name)
          ^^^^^^^^^^^^^^^^^^^^^^^^^^^^^^^^^^^^^^^^^^^^^^^^^
../../../miniconda3/envs/dataflow/lib/python3.12/site-packages/dataflow/utils/registry.py:325: in _load_class_from_file
    spec.loader.exec_module(module)
../../../miniconda3/envs/dataflow/lib/python3.12/site-packages/dataflow/operators/text_pt/eval/perplexity_sample_evaluator.py:2: in <module>
    from transformers import AutoTokenizer, AutoModelForCausalLM
../../../miniconda3/envs/dataflow/lib/python3.12/site-packages/transformers/__init__.py:27: in <module>
    from . import dependency_versions_check
../../../miniconda3/envs/dataflow/lib/python3.12/site-packages/transformers/dependency_versions_check.py:57: in <module>
    require_version_core(deps[pkg])
../../../miniconda3/envs/dataflow/lib/python3.12/site-packages/transformers/utils/versions.py:117: in require_version_core
    return require_version(requirement, hint)
           ^^^^^^^^^^^^^^^^^^^^^^^^^^^^^^^^^^
../../../miniconda3/envs/dataflow/lib/python3.12/site-packages/transformers/utils/versions.py:111: in require_version
    _compare_versions(op, got_ver, want_ver, requirement, pkg, hint)
../../../miniconda3/envs/dataflow/lib/python3.12/site-packages/transformers/utils/versions.py:44: in _compare_versions
    raise ImportError(
E   ImportError: huggingface-hub>=0.34.0,<1.0 is required for a normal functioning of this module, but found huggingface-hub==1.9.0.
E   Try: `pip install transformers -U` or `pip install -e '.[dev]'` if you're working with git main
------------------------------- Captured stdout --------------------------------
[32m2026-04-16 16:22:26.619[0m | [37mINFO    [0m | [36mDataFlow[0m:[36mregistry.py[0m:[36m__getattr__[0m:[36m358[0m - [37mLazyloader ['dataflow/operators/text_pt/'] trying to import PerplexityFilter [0m
[32m2026-04-16 16:22:26.620[0m | [37mINFO    [0m | [36mDataFlow[0m:[36mregistry.py[0m:[36m__getattr__[0m:[36m358[0m - [37mLazyloader ['dataflow/operators/text_pt/'] trying to import PerplexitySampleEvaluator [0m
=== Lazy import traceback ===
Module: dataflow.operators.text_pt.eval.perplexity_sample_evaluator
File: /home/SENSETIME/wuziming/miniconda3/envs/dataflow/lib/python3.12/site-packages/dataflow/operators/text_pt/eval/perplexity_sample_evaluator.py
Traceback (most recent call last):
  File "/home/SENSETIME/wuziming/miniconda3/envs/dataflow/lib/python3.12/site-packages/dataflow/utils/registry.py", line 325, in _load_class_from_file
    spec.loader.exec_module(module)
  File "<frozen importlib._bootstrap_external>", line 999, in exec_module
  File "<frozen importlib._bootstrap>", line 488, in _call_with_frames_removed
  File "/home/SENSETIME/wuziming/miniconda3/envs/dataflow/lib/python3.12/site-packages/dataflow/operators/text_pt/eval/perplexity_sample_evaluator.py", line 2, in <module>
    from transformers import AutoTokenizer, AutoModelForCausalLM
  File "/home/SENSETIME/wuziming/miniconda3/envs/dataflow/lib/python3.12/site-packages/transformers/__init__.py", line 27, in <module>
    from . import dependency_versions_check
  File "/home/SENSETIME/wuziming/miniconda3/envs/dataflow/lib/python3.12/site-packages/transformers/dependency_versions_check.py", line 57, in <module>
    require_version_core(deps[pkg])
  File "/home/SENSETIME/wuziming/miniconda3/envs/dataflow/lib/python3.12/site-packages/transformers/utils/versions.py", line 117, in require_version_core
    return require_version(requirement, hint)
           ^^^^^^^^^^^^^^^^^^^^^^^^^^^^^^^^^^
  File "/home/SENSETIME/wuziming/miniconda3/envs/dataflow/lib/python3.12/site-packages/transformers/utils/versions.py", line 111, in require_version
    _compare_versions(op, got_ver, want_ver, requirement, pkg, hint)
  File "/home/SENSETIME/wuziming/miniconda3/envs/dataflow/lib/python3.12/site-packages/transformers/utils/versions.py", line 44, in _compare_versions
    raise ImportError(
ImportError: huggingface-hub>=0.34.0,<1.0 is required for a normal functioning of this module, but found huggingface-hub==1.9.0.
Try: `pip install transformers -U` or `pip install -e '.[dev]'` if you're working with git main

=== Lazy import traceback ===
Module: dataflow.operators.text_pt.filter.perplexity_filter
File: /home/SENSETIME/wuziming/miniconda3/envs/dataflow/lib/python3.12/site-packages/dataflow/operators/text_pt/filter/perplexity_filter.py
Traceback (most recent call last):
  File "/home/SENSETIME/wuziming/miniconda3/envs/dataflow/lib/python3.12/site-packages/dataflow/utils/registry.py", line 325, in _load_class_from_file
    spec.loader.exec_module(module)
  File "<frozen importlib._bootstrap_external>", line 999, in exec_module
  File "<frozen importlib._bootstrap>", line 488, in _call_with_frames_removed
  File "/home/SENSETIME/wuziming/miniconda3/envs/dataflow/lib/python3.12/site-packages/dataflow/operators/text_pt/filter/perplexity_filter.py", line 6, in <module>
    from dataflow.operators.text_pt import PerplexitySampleEvaluator
  File "/home/SENSETIME/wuziming/miniconda3/envs/dataflow/lib/python3.12/site-packages/dataflow/utils/registry.py", line 359, in __getattr__
    cls = self._load_class_from_file(file_path, class_name)
          ^^^^^^^^^^^^^^^^^^^^^^^^^^^^^^^^^^^^^^^^^^^^^^^^^
  File "/home/SENSETIME/wuziming/miniconda3/envs/dataflow/lib/python3.12/site-packages/dataflow/utils/registry.py", line 325, in _load_class_from_file
    spec.loader.exec_module(module)
  File "/home/SENSETIME/wuziming/miniconda3/envs/dataflow/lib/python3.12/site-packages/dataflow/operators/text_pt/eval/perplexity_sample_evaluator.py", line 2, in <module>
    from transformers import AutoTokenizer, AutoModelForCausalLM
  File "/home/SENSETIME/wuziming/miniconda3/envs/dataflow/lib/python3.12/site-packages/transformers/__init__.py", line 27, in <module>
    from . import dependency_versions_check
  File "/home/SENSETIME/wuziming/miniconda3/envs/dataflow/lib/python3.12/site-packages/transformers/dependency_versions_check.py", line 57, in <module>
    require_version_core(deps[pkg])
  File "/home/SENSETIME/wuziming/miniconda3/envs/dataflow/lib/python3.12/site-packages/transformers/utils/versions.py", line 117, in require_version_core
    return require_version(requirement, hint)
           ^^^^^^^^^^^^^^^^^^^^^^^^^^^^^^^^^^
  File "/home/SENSETIME/wuziming/miniconda3/envs/dataflow/lib/python3.12/site-packages/transformers/utils/versions.py", line 111, in require_version
    _compare_versions(op, got_ver, want_ver, requirement, pkg, hint)
  File "/home/SENSETIME/wuziming/miniconda3/envs/dataflow/lib/python3.12/site-packages/transformers/utils/versions.py", line 44, in _compare_versions
    raise ImportError(
ImportError: huggingface-hub>=0.34.0,<1.0 is required for a normal functioning of this module, but found huggingface-hub==1.9.0.
Try: `pip install transformers -U` or `pip install -e '.[dev]'` if you're working with git main

------------------------------- Captured stderr --------------------------------
[32m2026-04-16 16:22:31.215[0m | [31mERROR   [0m | [36mDataFlow[0m:[36mregistry.py[0m:[36m_load_class_from_file[0m:[36m329[0m - [31mImport failed for dataflow.operators.text_pt.eval.perplexity_sample_evaluator from /home/SENSETIME/wuziming/miniconda3/envs/dataflow/lib/python3.12/site-packages/dataflow/operators/text_pt/eval/perplexity_sample_evaluator.py[0m
Traceback (most recent call last):
  File "/home/SENSETIME/wuziming/miniconda3/envs/dataflow/lib/python3.12/site-packages/dataflow/utils/registry.py", line 325, in _load_class_from_file
    spec.loader.exec_module(module)
  File "<frozen importlib._bootstrap_external>", line 999, in exec_module
  File "<frozen importlib._bootstrap>", line 488, in _call_with_frames_removed
  File "/home/SENSETIME/wuziming/miniconda3/envs/dataflow/lib/python3.12/site-packages/dataflow/operators/text_pt/eval/perplexity_sample_evaluator.py", line 2, in <module>
    from transformers import AutoTokenizer, AutoModelForCausalLM
  File "/home/SENSETIME/wuziming/miniconda3/envs/dataflow/lib/python3.12/site-packages/transformers/__init__.py", line 27, in <module>
    from . import dependency_versions_check
  File "/home/SENSETIME/wuziming/miniconda3/envs/dataflow/lib/python3.12/site-packages/transformers/dependency_versions_check.py", line 57, in <module>
    require_version_core(deps[pkg])
  File "/home/SENSETIME/wuziming/miniconda3/envs/dataflow/lib/python3.12/site-packages/transformers/utils/versions.py", line 117, in require_version_core
    return require_version(requirement, hint)
           ^^^^^^^^^^^^^^^^^^^^^^^^^^^^^^^^^^
  File "/home/SENSETIME/wuziming/miniconda3/envs/dataflow/lib/python3.12/site-packages/transformers/utils/versions.py", line 111, in require_version
    _compare_versions(op, got_ver, want_ver, requirement, pkg, hint)
  File "/home/SENSETIME/wuziming/miniconda3/envs/dataflow/lib/python3.12/site-packages/transformers/utils/versions.py", line 44, in _compare_versions
    raise ImportError(
ImportError: huggingface-hub>=0.34.0,<1.0 is required for a normal functioning of this module, but found huggingface-hub==1.9.0.
Try: `pip install transformers -U` or `pip install -e '.[dev]'` if you're working with git main
[32m2026-04-16 16:22:31.220[0m | [31mERROR   [0m | [36mDataFlow[0m:[36mregistry.py[0m:[36m_load_class_from_file[0m:[36m329[0m - [31mImport failed for dataflow.operators.text_pt.filter.perplexity_filter from /home/SENSETIME/wuziming/miniconda3/envs/dataflow/lib/python3.12/site-packages/dataflow/operators/text_pt/filter/perplexity_filter.py[0m
Traceback (most recent call last):
  File "/home/SENSETIME/wuziming/miniconda3/envs/dataflow/lib/python3.12/site-packages/dataflow/utils/registry.py", line 325, in _load_class_from_file
    spec.loader.exec_module(module)
  File "<frozen importlib._bootstrap_external>", line 999, in exec_module
  File "<frozen importlib._bootstrap>", line 488, in _call_with_frames_removed
  File "/home/SENSETIME/wuziming/miniconda3/envs/dataflow/lib/python3.12/site-packages/dataflow/operators/text_pt/filter/perplexity_filter.py", line 6, in <module>
    from dataflow.operators.text_pt import PerplexitySampleEvaluator
  File "/home/SENSETIME/wuziming/miniconda3/envs/dataflow/lib/python3.12/site-packages/dataflow/utils/registry.py", line 359, in __getattr__
    cls = self._load_class_from_file(file_path, class_name)
          ^^^^^^^^^^^^^^^^^^^^^^^^^^^^^^^^^^^^^^^^^^^^^^^^^
  File "/home/SENSETIME/wuziming/miniconda3/envs/dataflow/lib/python3.12/site-packages/dataflow/utils/registry.py", line 325, in _load_class_from_file
    spec.loader.exec_module(module)
  File "/home/SENSETIME/wuziming/miniconda3/envs/dataflow/lib/python3.12/site-packages/dataflow/operators/text_pt/eval/perplexity_sample_evaluator.py", line 2, in <module>
    from transformers import AutoTokenizer, AutoModelForCausalLM
  File "/home/SENSETIME/wuziming/miniconda3/envs/dataflow/lib/python3.12/site-packages/transformers/__init__.py", line 27, in <module>
    from . import dependency_versions_check
  File "/home/SENSETIME/wuziming/miniconda3/envs/dataflow/lib/python3.12/site-packages/transformers/dependency_versions_check.py", line 57, in <module>
    require_version_core(deps[pkg])
  File "/home/SENSETIME/wuziming/miniconda3/envs/dataflow/lib/python3.12/site-packages/transformers/utils/versions.py", line 117, in require_version_core
    return require_version(requirement, hint)
           ^^^^^^^^^^^^^^^^^^^^^^^^^^^^^^^^^^
  File "/home/SENSETIME/wuziming/miniconda3/envs/dataflow/lib/python3.12/site-packages/transformers/utils/versions.py", line 111, in require_version
    _compare_versions(op, got_ver, want_ver, requirement, pkg, hint)
  File "/home/SENSETIME/wuziming/miniconda3/envs/dataflow/lib/python3.12/site-packages/transformers/utils/versions.py", line 44, in _compare_versions
    raise ImportError(
ImportError: huggingface-hub>=0.34.0,<1.0 is required for a normal functioning of this module, but found huggingface-hub==1.9.0.
Try: `pip install transformers -U` or `pip install -e '.[dev]'` if you're working with git main
=========================== short test summary info ============================
ERROR test/test_cli_nanobot_serving.py
ERROR test/test_general_text.py
!!!!!!!!!!!!!!!!!!! Interrupted: 2 errors during collection !!!!!!!!!!!!!!!!!!!!
============================== 2 errors in 16.38s ==============================
Alive threads at exit: [<_MainThread(MainThread, stopped 129872524317760)>]
